Base path: E:/Programas/Unity 2018.3.0b11/Editor/Data
Cmd: initializeCompiler
Cmd: compileComputeKernel
  api=4 insize=14563 outsize=32157 ok=1
Cmd: compileComputeKernel
  api=4 insize=14563 outsize=37505 ok=1
Cmd: compileComputeKernel
  api=4 insize=14563 outsize=44101 ok=1
Cmd: compileComputeKernel
  api=4 insize=14563 outsize=31145 ok=1
Cmd: compileComputeKernel
  api=4 insize=14563 outsize=59573 ok=1
Cmd: compileComputeKernel
  api=4 insize=14563 outsize=41129 ok=1
Cmd: compileComputeKernel
  api=4 insize=14563 outsize=58417 ok=1
Cmd: compileComputeKernel
  api=4 insize=14563 outsize=36101 ok=1
Cmd: compileComputeKernel
  api=4 insize=14563 outsize=36165 ok=1
Cmd: compileComputeKernel
  api=4 insize=14563 outsize=88797 ok=1
Cmd: compileComputeKernel
  api=4 insize=27388 outsize=15525 ok=1
Cmd: compileComputeKernel
  api=4 insize=7616 outsize=4897 ok=1
Cmd: compileComputeKernel
  api=4 insize=6534 outsize=6497 ok=1
Cmd: compileComputeKernel
  api=4 insize=1611 outsize=961 ok=1
Cmd: compileComputeKernel
  api=4 insize=19561 outsize=13729 ok=1
Cmd: compileComputeKernel
  api=4 insize=2595 outsize=2573 ok=1
Cmd: compileComputeKernel
  api=4 insize=20843 outsize=95037 ok=1
Cmd: compileComputeKernel
  api=4 insize=35447 outsize=34505 ok=1
Cmd: compileComputeKernel
  api=4 insize=35447 outsize=32069 ok=1
Cmd: compileComputeKernel
  api=4 insize=8512 outsize=2945 ok=1
Cmd: compileComputeKernel
  api=4 insize=16636 outsize=7029 ok=1
Cmd: compileComputeKernel
  error: 1 plat 4 at Sort.compute(147): loop only executes for 1 iteration(s), forcing loop to unroll
  error: 1 plat 4 at Sort.compute(200): loop only executes for 1 iteration(s), forcing loop to unroll
  api=4 insize=10029 outsize=2481 ok=1
Cmd: compileComputeKernel
  api=4 insize=17177 outsize=6121 ok=1
Cmd: compileComputeKernel
  api=4 insize=17177 outsize=6625 ok=1
Cmd: compileComputeKernel
  api=4 insize=17177 outsize=8469 ok=1
Cmd: compileComputeKernel
  api=4 insize=17177 outsize=9301 ok=1
Cmd: compileComputeKernel
  api=4 insize=17177 outsize=7069 ok=1
Cmd: compileComputeKernel
  api=4 insize=17177 outsize=8849 ok=1
Cmd: compileComputeKernel
  api=4 insize=17177 outsize=8277 ok=1
Cmd: compileComputeKernel
  api=4 insize=17177 outsize=10245 ok=1
Cmd: initializeCompiler
Cmd: initializeCompiler
Cmd: initializeCompiler
Cmd: initializeCompiler
Cmd: initializeCompiler
Cmd: initializeCompiler
Cmd: initializeCompiler
Cmd: initializeCompiler
Cmd: initializeCompiler
Cmd: initializeCompiler
Cmd: initializeCompiler
Cmd: initializeCompiler
Cmd: initializeCompiler
Cmd: initializeCompiler
Cmd: initializeCompiler
Cmd: initializeCompiler
