Base path: C:/Program Files/Unity/Hub/Editor/2018.3.0b11/Editor/Data
Cmd: initializeCompiler
Cmd: compileComputeKernel
  api=4 insize=13149 outsize=89789 ok=1
Cmd: compileComputeKernel
  api=4 insize=13149 outsize=23597 ok=1
Cmd: compileComputeKernel
  api=4 insize=13149 outsize=35997 ok=1
Cmd: compileComputeKernel
  api=4 insize=13149 outsize=30133 ok=1
Cmd: compileComputeKernel
  api=4 insize=13149 outsize=20493 ok=1
Cmd: compileComputeKernel
  api=4 insize=13149 outsize=30061 ok=1
Cmd: compileComputeKernel
  api=4 insize=13149 outsize=18165 ok=1
Cmd: compileComputeKernel
  api=4 insize=13149 outsize=20169 ok=1
Cmd: compileComputeKernel
  api=4 insize=13149 outsize=35769 ok=1
Cmd: compileComputeKernel
  api=4 insize=13149 outsize=53061 ok=1
Cmd: compileComputeKernel
  api=4 insize=13149 outsize=20501 ok=1
Cmd: compileComputeKernel
  api=4 insize=13149 outsize=19617 ok=1
Cmd: compileComputeKernel
  api=4 insize=13149 outsize=17433 ok=1
Cmd: compileComputeKernel
  api=4 insize=13149 outsize=26141 ok=1
Cmd: compileComputeKernel
  api=4 insize=13149 outsize=25449 ok=1
Cmd: compileComputeKernel
  api=4 insize=13149 outsize=37661 ok=1
Cmd: compileComputeKernel
  api=4 insize=13149 outsize=55993 ok=1
Cmd: compileComputeKernel
  api=4 insize=13149 outsize=22033 ok=1
Cmd: compileComputeKernel
  api=4 insize=13149 outsize=20641 ok=1
Cmd: compileComputeKernel
  api=4 insize=13149 outsize=30009 ok=1
Cmd: compileComputeKernel
  api=4 insize=13149 outsize=19817 ok=1
Cmd: compileComputeKernel
  api=4 insize=13149 outsize=28593 ok=1
Cmd: compileComputeKernel
  api=4 insize=13149 outsize=74649 ok=1
Cmd: compileComputeKernel
  api=4 insize=26904 outsize=15569 ok=1
Cmd: compileComputeKernel
  api=4 insize=26904 outsize=15773 ok=1
Cmd: compileComputeKernel
  api=4 insize=2863 outsize=48145 ok=1
Cmd: compileComputeKernel
  api=4 insize=7524 outsize=9677 ok=1
Cmd: compileComputeKernel
  api=4 insize=7320 outsize=12013 ok=1
Cmd: compileComputeKernel
  api=4 insize=5188 outsize=4101 ok=1
Cmd: compileComputeKernel
  api=4 insize=9421 outsize=8665 ok=1
Cmd: compileComputeKernel
  api=4 insize=19211 outsize=14241 ok=1
Cmd: compileComputeKernel
  api=4 insize=19211 outsize=14889 ok=1
Cmd: compileComputeKernel
  api=4 insize=1514 outsize=577 ok=1
Cmd: compileComputeKernel
  api=4 insize=33350 outsize=45921 ok=1
Cmd: compileComputeKernel
  api=4 insize=33350 outsize=45957 ok=1
Cmd: compileComputeKernel
  api=4 insize=7576 outsize=2077 ok=1
Cmd: compileComputeKernel
  api=4 insize=16391 outsize=14129 ok=1
Cmd: compileComputeKernel
  api=4 insize=17095 outsize=5113 ok=1
Cmd: compileComputeKernel
  api=4 insize=17095 outsize=6505 ok=1
Cmd: compileComputeKernel
  api=4 insize=17095 outsize=5617 ok=1
Cmd: compileComputeKernel
  api=4 insize=17095 outsize=7009 ok=1
Cmd: compileComputeKernel
  api=4 insize=17095 outsize=7029 ok=1
Cmd: compileComputeKernel
  api=4 insize=17095 outsize=8997 ok=1
Cmd: compileComputeKernel
  api=4 insize=17095 outsize=7333 ok=1
Cmd: compileComputeKernel
  api=4 insize=17095 outsize=8773 ok=1
Cmd: compileComputeKernel
  api=4 insize=17095 outsize=6181 ok=1
Cmd: compileComputeKernel
  api=4 insize=17095 outsize=6877 ok=1
Cmd: compileComputeKernel
  api=4 insize=17095 outsize=7957 ok=1
Cmd: compileComputeKernel
  api=4 insize=17095 outsize=7069 ok=1
Cmd: compileComputeKernel
  api=4 insize=17095 outsize=8461 ok=1
Cmd: compileComputeKernel
  api=4 insize=17095 outsize=8501 ok=1
Cmd: compileComputeKernel
  api=4 insize=17095 outsize=10469 ok=1
Cmd: compileComputeKernel
  api=4 insize=17095 outsize=8805 ok=1
Cmd: compileComputeKernel
  api=4 insize=17095 outsize=10245 ok=1
Cmd: initializeCompiler
Cmd: initializeCompiler
Cmd: initializeCompiler
Cmd: compileComputeKernel
  api=4 insize=1326 outsize=613 ok=1
Cmd: compileComputeKernel
  api=4 insize=9718 outsize=3601 ok=1
Cmd: compileComputeKernel
  error: 2 plat 4 at Deferred.compute(77): failed to open source file: 'CoreRP/ShaderLibrary/Common.hlsl'
  api=4 insize=13149 outsize=0 ok=0
Cmd: compileComputeKernel
  error: 2 plat 4 at Deferred.compute(77): failed to open source file: 'CoreRP/ShaderLibrary/Common.hlsl'
  api=4 insize=13149 outsize=0 ok=0
Cmd: compileComputeKernel
  error: 2 plat 4 at Deferred.compute(77): failed to open source file: 'CoreRP/ShaderLibrary/Common.hlsl'
  api=4 insize=13149 outsize=0 ok=0
Cmd: compileComputeKernel
  error: 2 plat 4 at Deferred.compute(77): failed to open source file: 'CoreRP/ShaderLibrary/Common.hlsl'
  api=4 insize=13149 outsize=0 ok=0
Cmd: compileComputeKernel
  error: 2 plat 4 at Deferred.compute(77): failed to open source file: 'CoreRP/ShaderLibrary/Common.hlsl'
  api=4 insize=13149 outsize=0 ok=0
Cmd: compileComputeKernel
  error: 2 plat 4 at Deferred.compute(77): failed to open source file: 'CoreRP/ShaderLibrary/Common.hlsl'
  api=4 insize=13149 outsize=0 ok=0
Cmd: compileComputeKernel
  error: 2 plat 4 at Deferred.compute(77): failed to open source file: 'CoreRP/ShaderLibrary/Common.hlsl'
  api=4 insize=13149 outsize=0 ok=0
Cmd: compileComputeKernel
  error: 2 plat 4 at Deferred.compute(77): failed to open source file: 'CoreRP/ShaderLibrary/Common.hlsl'
  api=4 insize=13149 outsize=0 ok=0
Cmd: compileComputeKernel
  error: 2 plat 4 at Deferred.compute(77): failed to open source file: 'CoreRP/ShaderLibrary/Common.hlsl'
  api=4 insize=13149 outsize=0 ok=0
Cmd: compileComputeKernel
  error: 2 plat 4 at Deferred.compute(77): failed to open source file: 'CoreRP/ShaderLibrary/Common.hlsl'
  api=4 insize=13149 outsize=0 ok=0
Cmd: compileComputeKernel
  error: 2 plat 4 at Deferred.compute(77): failed to open source file: 'CoreRP/ShaderLibrary/Common.hlsl'
  api=4 insize=13149 outsize=0 ok=0
Cmd: compileComputeKernel
  error: 2 plat 4 at Deferred.compute(77): failed to open source file: 'CoreRP/ShaderLibrary/Common.hlsl'
  api=4 insize=13149 outsize=0 ok=0
Cmd: compileComputeKernel
  error: 2 plat 4 at Deferred.compute(77): failed to open source file: 'CoreRP/ShaderLibrary/Common.hlsl'
  api=4 insize=13149 outsize=0 ok=0
Cmd: compileComputeKernel
  error: 2 plat 4 at Deferred.compute(77): failed to open source file: 'CoreRP/ShaderLibrary/Common.hlsl'
  api=4 insize=13149 outsize=0 ok=0
Cmd: compileComputeKernel
  error: 2 plat 4 at Deferred.compute(77): failed to open source file: 'CoreRP/ShaderLibrary/Common.hlsl'
  api=4 insize=13149 outsize=0 ok=0
Cmd: compileComputeKernel
  error: 2 plat 4 at Deferred.compute(77): failed to open source file: 'CoreRP/ShaderLibrary/Common.hlsl'
  api=4 insize=13149 outsize=0 ok=0
Cmd: compileComputeKernel
  error: 2 plat 4 at Deferred.compute(77): failed to open source file: 'CoreRP/ShaderLibrary/Common.hlsl'
  api=4 insize=13149 outsize=0 ok=0
Cmd: compileComputeKernel
  error: 2 plat 4 at Deferred.compute(77): failed to open source file: 'CoreRP/ShaderLibrary/Common.hlsl'
  api=4 insize=13149 outsize=0 ok=0
Cmd: compileComputeKernel
  error: 2 plat 4 at Deferred.compute(77): failed to open source file: 'CoreRP/ShaderLibrary/Common.hlsl'
  api=4 insize=13149 outsize=0 ok=0
Cmd: compileComputeKernel
  error: 2 plat 4 at Deferred.compute(77): failed to open source file: 'CoreRP/ShaderLibrary/Common.hlsl'
  api=4 insize=13149 outsize=0 ok=0
Cmd: compileComputeKernel
  error: 2 plat 4 at lightlistbuild-clustered.compute(16): failed to open source file: 'CoreRP/ShaderLibrary/Common.hlsl'
  api=4 insize=26904 outsize=0 ok=0
Cmd: compileComputeKernel
  error: 2 plat 4 at lightlistbuild-clustered.compute(16): failed to open source file: 'CoreRP/ShaderLibrary/Common.hlsl'
  api=4 insize=26904 outsize=0 ok=0
Cmd: compileComputeKernel
  error: 2 plat 4 at lightlistbuild-clustered.compute(16): failed to open source file: 'CoreRP/ShaderLibrary/Common.hlsl'
  api=4 insize=26904 outsize=0 ok=0
Cmd: compileComputeKernel
  error: 2 plat 4 at DepthPyramid.compute(1): failed to open source file: 'CoreRP/ShaderLibrary/Common.hlsl'
  api=4 insize=2942 outsize=0 ok=0
Cmd: compileComputeKernel
  error: 2 plat 4 at lightlistbuild.compute(16): failed to open source file: 'CoreRP/ShaderLibrary/Common.hlsl'
  api=4 insize=19211 outsize=0 ok=0
Cmd: compileComputeKernel
  error: 2 plat 4 at lightlistbuild.compute(16): failed to open source file: 'CoreRP/ShaderLibrary/Common.hlsl'
  api=4 insize=19211 outsize=0 ok=0
Cmd: compileComputeKernel
  error: 2 plat 4 at lightlistbuild.compute(16): failed to open source file: 'CoreRP/ShaderLibrary/Common.hlsl'
  api=4 insize=19211 outsize=0 ok=0
Cmd: compileComputeKernel
  error: 2 plat 4 at VolumetricLighting.compute(36): failed to open source file: 'CoreRP/ShaderLibrary/Common.hlsl'
  api=4 insize=33350 outsize=0 ok=0
Cmd: compileComputeKernel
  error: 2 plat 4 at VolumetricLighting.compute(36): failed to open source file: 'CoreRP/ShaderLibrary/Common.hlsl'
  api=4 insize=33350 outsize=0 ok=0
Cmd: compileComputeKernel
  error: 2 plat 4 at VolumetricLighting.compute(36): failed to open source file: 'CoreRP/ShaderLibrary/Common.hlsl'
  api=4 insize=33350 outsize=0 ok=0
Cmd: compileComputeKernel
  error: 2 plat 4 at VolumeVoxelization.compute(31): failed to open source file: 'CoreRP/ShaderLibrary/Common.hlsl'
  api=4 insize=16391 outsize=0 ok=0
Cmd: compileComputeKernel
  error: 2 plat 4 at materialflags.compute(6): failed to open source file: 'CoreRP/ShaderLibrary/Common.hlsl'
  api=4 insize=2922 outsize=0 ok=0
Cmd: initializeCompiler
Cmd: compileComputeKernel
  api=4 insize=14379 outsize=96793 ok=1
Cmd: compileComputeKernel
  api=4 insize=14379 outsize=56841 ok=1
Cmd: compileComputeKernel
  api=4 insize=14379 outsize=42741 ok=1
Cmd: compileComputeKernel
  api=4 insize=14379 outsize=34529 ok=1
Cmd: compileComputeKernel
  api=4 insize=14379 outsize=31881 ok=1
Cmd: compileComputeKernel
  api=4 insize=14379 outsize=67153 ok=1
Cmd: compileComputeKernel
  api=4 insize=14379 outsize=41657 ok=1
Cmd: compileComputeKernel
  api=4 insize=14379 outsize=39261 ok=1
Cmd: compileComputeKernel
  api=4 insize=14379 outsize=32597 ok=1
Cmd: compileComputeKernel
  api=4 insize=14379 outsize=45841 ok=1
Cmd: compileComputeKernel
  api=4 insize=14379 outsize=32601 ok=1
Cmd: compileComputeKernel
  api=4 insize=14379 outsize=36101 ok=1
Cmd: compileComputeKernel
  api=4 insize=14379 outsize=33281 ok=1
Cmd: compileComputeKernel
  api=4 insize=14379 outsize=68677 ok=1
Cmd: compileComputeKernel
  api=4 insize=26735 outsize=15569 ok=1
Cmd: compileComputeKernel
  api=4 insize=26735 outsize=15773 ok=1
Cmd: compileComputeKernel
  api=4 insize=11176 outsize=9693 ok=1
Cmd: compileComputeKernel
  api=4 insize=7431 outsize=4897 ok=1
Cmd: compileComputeKernel
  api=4 insize=5022 outsize=5397 ok=1
Cmd: compileComputeKernel
  api=4 insize=6353 outsize=1341 ok=1
Cmd: compileComputeKernel
  api=4 insize=18731 outsize=8545 ok=1
Cmd: compileComputeKernel
  api=4 insize=18731 outsize=8925 ok=1
Cmd: compileComputeKernel
  api=4 insize=18731 outsize=10769 ok=1
Cmd: compileComputeKernel
  api=4 insize=19063 outsize=14613 ok=1
Cmd: compileComputeKernel
  api=4 insize=19063 outsize=14889 ok=1
Cmd: compileComputeKernel
  api=4 insize=5591 outsize=6445 ok=1
Cmd: compileComputeKernel
  api=4 insize=21751 outsize=21741 ok=1
Cmd: compileComputeKernel
  api=4 insize=20364 outsize=27309 ok=1
Cmd: compileComputeKernel
  api=4 insize=34758 outsize=33697 ok=1
Cmd: compileComputeKernel
  api=4 insize=34758 outsize=35265 ok=1
Cmd: compileComputeKernel
  api=4 insize=34758 outsize=33697 ok=1
Cmd: compileComputeKernel
  api=4 insize=34758 outsize=35265 ok=1
Cmd: compileComputeKernel
  api=4 insize=16272 outsize=7029 ok=1
Cmd: compileComputeKernel
  api=4 insize=1505 outsize=597 ok=1
Cmd: compileComputeKernel
  api=4 insize=2120 outsize=1037 ok=1
Cmd: compileComputeKernel
  api=4 insize=16866 outsize=5425 ok=1
Cmd: compileComputeKernel
  api=4 insize=16866 outsize=6817 ok=1
Cmd: compileComputeKernel
  api=4 insize=16866 outsize=5929 ok=1
Cmd: compileComputeKernel
  api=4 insize=16866 outsize=7321 ok=1
Cmd: compileComputeKernel
  api=4 insize=16866 outsize=7485 ok=1
Cmd: compileComputeKernel
  api=4 insize=16866 outsize=9453 ok=1
Cmd: compileComputeKernel
  api=4 insize=16866 outsize=8317 ok=1
Cmd: compileComputeKernel
  api=4 insize=16866 outsize=9977 ok=1
Cmd: compileComputeKernel
  api=4 insize=16866 outsize=8269 ok=1
Cmd: compileComputeKernel
  api=4 insize=16866 outsize=7765 ok=1
Cmd: compileComputeKernel
  api=4 insize=16866 outsize=8849 ok=1
Cmd: compileComputeKernel
  api=4 insize=16866 outsize=9941 ok=1
Cmd: compileComputeKernel
  api=4 insize=16866 outsize=8277 ok=1
Cmd: compileComputeKernel
  api=4 insize=16866 outsize=9261 ok=1
Cmd: compileComputeKernel
  api=4 insize=16866 outsize=11229 ok=1
Cmd: compileComputeKernel
  api=4 insize=6926 outsize=9841 ok=1
