Base path: C:/Program Files/Unity/Hub/Editor/2018.3.0b11/Editor/Data
Cmd: initializeCompiler
Cmd: compileComputeKernel
  api=4 insize=13149 outsize=72821 ok=1
Cmd: compileComputeKernel
  api=4 insize=13149 outsize=20489 ok=1
Cmd: compileComputeKernel
  api=4 insize=13149 outsize=17769 ok=1
Cmd: compileComputeKernel
  api=4 insize=13149 outsize=27661 ok=1
Cmd: compileComputeKernel
  api=4 insize=13149 outsize=15793 ok=1
Cmd: compileComputeKernel
  api=4 insize=13149 outsize=24297 ok=1
Cmd: compileComputeKernel
  api=4 insize=13149 outsize=42737 ok=1
Cmd: compileComputeKernel
  api=4 insize=13149 outsize=18569 ok=1
Cmd: compileComputeKernel
  api=4 insize=13149 outsize=54169 ok=1
Cmd: compileComputeKernel
  api=4 insize=13149 outsize=26973 ok=1
Cmd: compileComputeKernel
  api=4 insize=13149 outsize=18961 ok=1
Cmd: compileComputeKernel
  api=4 insize=13149 outsize=28165 ok=1
Cmd: compileComputeKernel
  api=4 insize=13149 outsize=30025 ok=1
Cmd: compileComputeKernel
  api=4 insize=13149 outsize=26729 ok=1
Cmd: compileComputeKernel
  api=4 insize=13149 outsize=72857 ok=1
Cmd: compileComputeKernel
  api=4 insize=13149 outsize=22317 ok=1
Cmd: compileComputeKernel
  api=4 insize=13149 outsize=19805 ok=1
Cmd: compileComputeKernel
  api=4 insize=13149 outsize=28797 ok=1
Cmd: compileComputeKernel
  api=4 insize=13149 outsize=37449 ok=1
Cmd: compileComputeKernel
  api=4 insize=13149 outsize=54869 ok=1
Cmd: compileComputeKernel
  api=4 insize=26904 outsize=15341 ok=1
Cmd: compileComputeKernel
  api=4 insize=26904 outsize=15525 ok=1
Cmd: compileComputeKernel
  api=4 insize=26904 outsize=301 ok=1
Cmd: compileComputeKernel
  api=4 insize=7524 outsize=9833 ok=1
Cmd: compileComputeKernel
  api=4 insize=5188 outsize=9129 ok=1
Cmd: compileComputeKernel
  api=4 insize=2444 outsize=2561 ok=1
Cmd: compileComputeKernel
  api=4 insize=11864 outsize=9925 ok=1
Cmd: compileComputeKernel
  api=4 insize=9421 outsize=8529 ok=1
Cmd: compileComputeKernel
  api=4 insize=9421 outsize=8909 ok=1
Cmd: compileComputeKernel
  api=4 insize=2942 outsize=897 ok=1
Cmd: compileComputeKernel
  api=4 insize=19211 outsize=14105 ok=1
Cmd: compileComputeKernel
  api=4 insize=19211 outsize=14377 ok=1
Cmd: compileComputeKernel
  api=4 insize=1514 outsize=573 ok=1
Cmd: compileComputeKernel
  api=4 insize=2953 outsize=353 ok=1
Cmd: compileComputeKernel
  api=4 insize=20135 outsize=94337 ok=1
Cmd: compileComputeKernel
  api=4 insize=33350 outsize=32549 ok=1
Cmd: compileComputeKernel
  api=4 insize=33350 outsize=32549 ok=1
Cmd: compileComputeKernel
  api=4 insize=16391 outsize=14165 ok=1
Cmd: compileComputeKernel
  api=4 insize=1505 outsize=597 ok=1
Cmd: compileComputeKernel
  api=4 insize=17095 outsize=5809 ok=1
Cmd: compileComputeKernel
  api=4 insize=17095 outsize=6893 ok=1
Cmd: compileComputeKernel
  api=4 insize=17095 outsize=6625 ok=1
Cmd: compileComputeKernel
  api=4 insize=17095 outsize=6501 ok=1
Cmd: compileComputeKernel
  api=4 insize=17095 outsize=8013 ok=1
Cmd: compileComputeKernel
  api=4 insize=17095 outsize=9673 ok=1
Cmd: compileComputeKernel
  api=4 insize=17095 outsize=9301 ok=1
Cmd: compileComputeKernel
  api=4 insize=17095 outsize=6565 ok=1
Cmd: compileComputeKernel
  api=4 insize=17095 outsize=7573 ok=1
Cmd: compileComputeKernel
  api=4 insize=17095 outsize=6685 ok=1
Cmd: compileComputeKernel
  api=4 insize=17095 outsize=7381 ok=1
Cmd: compileComputeKernel
  api=4 insize=17095 outsize=8773 ok=1
Cmd: compileComputeKernel
  api=4 insize=17095 outsize=8957 ok=1
Cmd: compileComputeKernel
  api=4 insize=17095 outsize=10925 ok=1
Cmd: compileComputeKernel
  api=4 insize=17095 outsize=9789 ok=1
Cmd: compileComputeKernel
  api=4 insize=17095 outsize=11449 ok=1
Cmd: initializeCompiler
Cmd: initializeCompiler
Cmd: initializeCompiler
Cmd: compileComputeKernel
  api=4 insize=1326 outsize=669 ok=1
Cmd: compileComputeKernel
  api=4 insize=3849 outsize=2157 ok=1
Cmd: compileComputeKernel
  error: 1 plat 4 at Sort.compute(147): loop only executes for 1 iteration(s), forcing loop to unroll
  error: 1 plat 4 at Sort.compute(200): loop only executes for 1 iteration(s), forcing loop to unroll
  api=4 insize=9718 outsize=2481 ok=1
Cmd: compileComputeKernel
  api=4 insize=9718 outsize=3673 ok=1
Cmd: compileComputeKernel
  api=4 insize=1491 outsize=1037 ok=1
Cmd: compileComputeKernel
  error: 2 plat 4 at Deferred.compute(77): failed to open source file: 'CoreRP/ShaderLibrary/Common.hlsl'
  api=4 insize=13149 outsize=0 ok=0
Cmd: compileComputeKernel
  error: 2 plat 4 at Deferred.compute(77): failed to open source file: 'CoreRP/ShaderLibrary/Common.hlsl'
  api=4 insize=13149 outsize=0 ok=0
Cmd: compileComputeKernel
  error: 2 plat 4 at Deferred.compute(77): failed to open source file: 'CoreRP/ShaderLibrary/Common.hlsl'
  api=4 insize=13149 outsize=0 ok=0
Cmd: compileComputeKernel
  error: 2 plat 4 at Deferred.compute(77): failed to open source file: 'CoreRP/ShaderLibrary/Common.hlsl'
  api=4 insize=13149 outsize=0 ok=0
Cmd: compileComputeKernel
  error: 2 plat 4 at Deferred.compute(77): failed to open source file: 'CoreRP/ShaderLibrary/Common.hlsl'
  api=4 insize=13149 outsize=0 ok=0
Cmd: compileComputeKernel
  error: 2 plat 4 at Deferred.compute(77): failed to open source file: 'CoreRP/ShaderLibrary/Common.hlsl'
  api=4 insize=13149 outsize=0 ok=0
Cmd: compileComputeKernel
  error: 2 plat 4 at Deferred.compute(77): failed to open source file: 'CoreRP/ShaderLibrary/Common.hlsl'
  api=4 insize=13149 outsize=0 ok=0
Cmd: compileComputeKernel
  error: 2 plat 4 at Deferred.compute(77): failed to open source file: 'CoreRP/ShaderLibrary/Common.hlsl'
  api=4 insize=13149 outsize=0 ok=0
Cmd: compileComputeKernel
  error: 2 plat 4 at Deferred.compute(77): failed to open source file: 'CoreRP/ShaderLibrary/Common.hlsl'
  api=4 insize=13149 outsize=0 ok=0
Cmd: compileComputeKernel
  error: 2 plat 4 at Deferred.compute(77): failed to open source file: 'CoreRP/ShaderLibrary/Common.hlsl'
  api=4 insize=13149 outsize=0 ok=0
Cmd: compileComputeKernel
  error: 2 plat 4 at Deferred.compute(77): failed to open source file: 'CoreRP/ShaderLibrary/Common.hlsl'
  api=4 insize=13149 outsize=0 ok=0
Cmd: compileComputeKernel
  error: 2 plat 4 at Deferred.compute(77): failed to open source file: 'CoreRP/ShaderLibrary/Common.hlsl'
  api=4 insize=13149 outsize=0 ok=0
Cmd: compileComputeKernel
  error: 2 plat 4 at Deferred.compute(77): failed to open source file: 'CoreRP/ShaderLibrary/Common.hlsl'
  api=4 insize=13149 outsize=0 ok=0
Cmd: compileComputeKernel
  error: 2 plat 4 at Deferred.compute(77): failed to open source file: 'CoreRP/ShaderLibrary/Common.hlsl'
  api=4 insize=13149 outsize=0 ok=0
Cmd: compileComputeKernel
  error: 2 plat 4 at lightlistbuild-clustered.compute(16): failed to open source file: 'CoreRP/ShaderLibrary/Common.hlsl'
  api=4 insize=26904 outsize=0 ok=0
Cmd: compileComputeKernel
  error: 2 plat 4 at lightlistbuild-clustered.compute(16): failed to open source file: 'CoreRP/ShaderLibrary/Common.hlsl'
  api=4 insize=26904 outsize=0 ok=0
Cmd: compileComputeKernel
  error: 2 plat 4 at lightlistbuild-clustered.compute(16): failed to open source file: 'CoreRP/ShaderLibrary/Common.hlsl'
  api=4 insize=26904 outsize=0 ok=0
Cmd: compileComputeKernel
  error: 2 plat 4 at lightlistbuild-clustered.compute(16): failed to open source file: 'CoreRP/ShaderLibrary/Common.hlsl'
  api=4 insize=26904 outsize=0 ok=0
Cmd: compileComputeKernel
  error: 2 plat 4 at ScreenSpaceShadow.compute(10): failed to open source file: 'CoreRP/ShaderLibrary/Common.hlsl'
  api=4 insize=7320 outsize=0 ok=0
Cmd: compileComputeKernel
  error: 2 plat 4 at lightlistbuild.compute(16): failed to open source file: 'CoreRP/ShaderLibrary/Common.hlsl'
  api=4 insize=19211 outsize=0 ok=0
Cmd: compileComputeKernel
  error: 2 plat 4 at scrbound.compute(8): failed to open source file: 'CoreRP/ShaderLibrary/Common.hlsl'
  api=4 insize=22017 outsize=0 ok=0
Cmd: compileComputeKernel
  error: 2 plat 4 at VolumetricLighting.compute(36): failed to open source file: 'CoreRP/ShaderLibrary/Common.hlsl'
  api=4 insize=33350 outsize=0 ok=0
Cmd: compileComputeKernel
  error: 2 plat 4 at VolumeVoxelization.compute(31): failed to open source file: 'CoreRP/ShaderLibrary/Common.hlsl'
  api=4 insize=16391 outsize=0 ok=0
Cmd: initializeCompiler
Cmd: compileComputeKernel
  api=4 insize=14379 outsize=94897 ok=1
Cmd: compileComputeKernel
  api=4 insize=14379 outsize=38737 ok=1
Cmd: compileComputeKernel
  api=4 insize=14379 outsize=31057 ok=1
Cmd: compileComputeKernel
  api=4 insize=14379 outsize=67813 ok=1
Cmd: compileComputeKernel
  api=4 insize=14379 outsize=42609 ok=1
Cmd: compileComputeKernel
  api=4 insize=14379 outsize=31201 ok=1
Cmd: compileComputeKernel
  api=4 insize=14379 outsize=59313 ok=1
Cmd: compileComputeKernel
  api=4 insize=14379 outsize=58417 ok=1
Cmd: compileComputeKernel
  api=4 insize=14379 outsize=69521 ok=1
Cmd: compileComputeKernel
  api=4 insize=14379 outsize=44145 ok=1
Cmd: compileComputeKernel
  api=4 insize=14379 outsize=32473 ok=1
Cmd: compileComputeKernel
  api=4 insize=14379 outsize=60925 ok=1
Cmd: compileComputeKernel
  api=4 insize=26735 outsize=13793 ok=1
Cmd: compileComputeKernel
  api=4 insize=26735 outsize=15857 ok=1
Cmd: compileComputeKernel
  api=4 insize=26735 outsize=16041 ok=1
Cmd: compileComputeKernel
  api=4 insize=1226 outsize=781 ok=1
Cmd: compileComputeKernel
  api=4 insize=2863 outsize=48145 ok=1
Cmd: compileComputeKernel
  api=4 insize=11176 outsize=10593 ok=1
Cmd: compileComputeKernel
  api=4 insize=5022 outsize=9129 ok=1
Cmd: compileComputeKernel
  api=4 insize=18731 outsize=8781 ok=1
Cmd: compileComputeKernel
  api=4 insize=18731 outsize=10377 ok=1
Cmd: compileComputeKernel
  api=4 insize=19063 outsize=14105 ok=1
Cmd: compileComputeKernel
  api=4 insize=19063 outsize=14377 ok=1
Cmd: compileComputeKernel
  api=4 insize=1864 outsize=1389 ok=1
Cmd: compileComputeKernel
  api=4 insize=692 outsize=573 ok=1
Cmd: compileComputeKernel
  api=4 insize=20364 outsize=95033 ok=1
Cmd: compileComputeKernel
  api=4 insize=34758 outsize=34505 ok=1
Cmd: compileComputeKernel
  api=4 insize=34758 outsize=35965 ok=1
Cmd: compileComputeKernel
  api=4 insize=34758 outsize=34505 ok=1
Cmd: compileComputeKernel
  api=4 insize=34758 outsize=35965 ok=1
Cmd: compileComputeKernel
  api=4 insize=16272 outsize=7821 ok=1
Cmd: compileComputeKernel
  api=4 insize=14079 outsize=2265 ok=1
Cmd: compileComputeKernel
  api=4 insize=16866 outsize=5809 ok=1
Cmd: compileComputeKernel
  api=4 insize=16866 outsize=6893 ok=1
Cmd: compileComputeKernel
  api=4 insize=16866 outsize=6625 ok=1
Cmd: compileComputeKernel
  api=4 insize=16866 outsize=6501 ok=1
Cmd: compileComputeKernel
  api=4 insize=16866 outsize=8013 ok=1
Cmd: compileComputeKernel
  api=4 insize=16866 outsize=9673 ok=1
Cmd: compileComputeKernel
  api=4 insize=16866 outsize=9301 ok=1
Cmd: compileComputeKernel
  api=4 insize=16866 outsize=6565 ok=1
Cmd: compileComputeKernel
  api=4 insize=16866 outsize=7573 ok=1
Cmd: compileComputeKernel
  api=4 insize=16866 outsize=6685 ok=1
Cmd: compileComputeKernel
  api=4 insize=16866 outsize=7381 ok=1
Cmd: compileComputeKernel
  api=4 insize=16866 outsize=8773 ok=1
Cmd: compileComputeKernel
  api=4 insize=16866 outsize=8957 ok=1
Cmd: compileComputeKernel
  api=4 insize=16866 outsize=10925 ok=1
Cmd: compileComputeKernel
  api=4 insize=16866 outsize=9789 ok=1
Cmd: compileComputeKernel
  api=4 insize=16866 outsize=11449 ok=1
Cmd: compileComputeKernel
  api=4 insize=3145 outsize=4301 ok=1
